<?xml version="1.0" encoding="UTF-8"?>
<!-- Generated by org.testng.reporters.JUnitReportReporter -->
<testsuite skipped="0" hostname="LAPTOP-T03VUTLP" name="com.Testclass.Tc2" tests="3" failures="0" timestamp="2022-05-04T14:10:34 IST" time="66.631" errors="0">
  <testcase name="logins" time="16.585" classname="com.Testclass.Tc2"/>
  <system-out/>
  <testcase name="homes" time="4.273" classname="com.Testclass.Tc2"/>
  <system-out/>
  <testcase name="tabs" time="45.773" classname="com.Testclass.Tc2"/>
  <system-out/>
</testsuite> <!-- com.Testclass.Tc2 -->
