<?xml version="1.0" encoding="UTF-8"?>
<!-- Generated by org.testng.reporters.JUnitReportReporter -->
<testsuite skipped="0" hostname="LAPTOP-T03VUTLP" name="com.Testclass.Tc1" tests="2" failures="0" timestamp="2022-05-04T14:10:34 IST" time="53.005" errors="0">
  <testcase name="logins" time="20.833" classname="com.Testclass.Tc1"/>
  <system-out/>
  <testcase name="homes" time="32.172" classname="com.Testclass.Tc1"/>
  <system-out/>
</testsuite> <!-- com.Testclass.Tc1 -->
