<?xml version="1.0" encoding="UTF-8"?>
<!-- Generated by org.testng.reporters.JUnitReportReporter -->
<testsuite skipped="0" hostname="LAPTOP-T03VUTLP" name="com.Testclass.Tc3" tests="2" failures="0" timestamp="2022-05-04T14:10:34 IST" time="46.997" errors="0">
  <testcase name="logins" time="16.174" classname="com.Testclass.Tc3"/>
  <system-out/>
  <testcase name="tabs" time="30.823" classname="com.Testclass.Tc3"/>
  <system-out/>
</testsuite> <!-- com.Testclass.Tc3 -->
