<?xml version="1.0" encoding="UTF-8"?>
<!-- Generated by org.testng.reporters.JUnitReportReporter -->
<testsuite skipped="0" hostname="LAPTOP-T03VUTLP" name="com.Testclass.Tc4" tests="2" failures="0" timestamp="2022-05-04T14:10:34 IST" time="48.575" errors="0">
  <testcase name="logins" time="13.407" classname="com.Testclass.Tc4"/>
  <system-out/>
  <testcase name="tabs" time="35.168" classname="com.Testclass.Tc4"/>
  <system-out/>
</testsuite> <!-- com.Testclass.Tc4 -->
